---------------------------------------------------------------
[ 2019-02-27T17:26:51+08:00 ] 115.239.212.65 GET /?User-Agent=Mozilla%2F5.0+%28Linux%3B+Android+6.0.1%3B+Nexus+6P+Build%2FMMB29P%29+AppleWebKit%2F537.36+%28KHTML%2C+like+Gecko%29+Chrome%2F47.0.2526.83+Mobile+Safari%2F537.36%0A
[ info ] a.fhhcpu.top/?User-Agent=Mozilla%2F5.0+%28Linux%3B+Android+6.0.1%3B+Nexus+6P+Build%2FMMB29P%29+AppleWebKit%2F537.36+%28KHTML%2C+like+Gecko%29+Chrome%2F47.0.2526.83+Mobile+Safari%2F537.36%0A [运行时间：0.385098s][吞吐率：2.60req/s] [内存消耗：3,061.52kb] [文件加载：65]
[ info ] [ LANG ] /www/wwwroot/a.fhhcpu.top/thinkphp/lang/zh-cn.php
[ info ] [ ROUTE ] array (
  'type' => 'module',
  'module' => 
  array (
    0 => '',
    1 => NULL,
    2 => NULL,
  ),
)
[ info ] [ HEADER ] array (
  'user-agent' => 'python-requests/2.13.0',
  'accept' => '*/*',
  'accept-encoding' => 'gzip, deflate',
  'connection' => 'keep-alive',
  'host' => 'a.fhhcpu.top',
  'content-type' => '',
  'content-length' => '',
)
[ info ] [ PARAM ] array (
  'User-Agent' => 'Mozilla/5.0 (Linux; Android 6.0.1; Nexus 6P Build/MMB29P) AppleWebKit/537.36 (KHTML, like Gecko) Chrome/47.0.2526.83 Mobile Safari/537.36
',
)
[ info ] [ CACHE ] INIT File
[ info ] [ DB ] INIT mysql
[ info ] [ BEHAVIOR ] Run app\common\behavior\Config @app_begin [ RunTime:0.065650s ]
[ info ] [ BEHAVIOR ] Run app\common\behavior\Hook @app_begin [ RunTime:0.005675s ]
[ info ] [ RUN ] app\index\controller\Index->index[ /www/wwwroot/a.fhhcpu.top/application/index/controller/Index.php ]
[ info ] [ VIEW ] /www/wwwroot/a.fhhcpu.top/public/../application/index/view/index/index.html [ array (
  0 => 'list',
  1 => 'class',
  2 => 'banner',
  3 => 'count',
  4 => 'time',
  5 => 'nu',
) ]
[ info ] [ LOG ] INIT File
[ sql ] [ DB ] CONNECT:[ UseTime:0.000416s ] mysql:host=127.0.0.1;port=3306;dbname=a_fhhcpu_top;charset=utf8
[ sql ] [ SQL ] SHOW COLUMNS FROM `dp_admin_config` [ RunTime:0.001495s ]
[ sql ] [ SQL ] SELECT `name`,`value`,`type` FROM `dp_admin_config` [ RunTime:0.000250s ]
[ sql ] [ SQL ] SHOW COLUMNS FROM `dp_admin_module` [ RunTime:0.001116s ]
[ sql ] [ SQL ] SELECT `name`,`config` FROM `dp_admin_module` WHERE  `config` <> '' [ RunTime:0.000219s ]
[ sql ] [ SQL ] SHOW COLUMNS FROM `dp_admin_hook` [ RunTime:0.000929s ]
[ sql ] [ SQL ] SELECT `name`,`status` FROM `dp_admin_hook` WHERE  `status` = 1 [ RunTime:0.000195s ]
[ sql ] [ SQL ] SHOW COLUMNS FROM `dp_admin_plugin` [ RunTime:0.001195s ]
[ sql ] [ SQL ] SELECT `name`,`status` FROM `dp_admin_plugin` WHERE  `status` = 1 [ RunTime:0.000222s ]
[ sql ] [ SQL ] SHOW COLUMNS FROM `dp_admin_hook_plugin` [ RunTime:0.000962s ]
[ sql ] [ SQL ] SELECT * FROM `dp_admin_hook_plugin` WHERE  `status` = 1 ORDER BY `hook`,`sort` [ RunTime:0.000204s ]
[ sql ] [ SQL ] SHOW COLUMNS FROM `dp_cms_customer` [ RunTime:0.032240s ]
[ sql ] [ SQL ] SELECT * FROM `dp_cms_customer` WHERE  `new_product` = 1  AND `times` = '0' [ RunTime:0.000385s ]
[ sql ] [ SQL ] SELECT COUNT(*) AS tp_count FROM `dp_cms_customer` WHERE  `times` > '0' LIMIT 1 [ RunTime:0.000272s ]
[ sql ] [ SQL ] SHOW COLUMNS FROM `dp_cms_kclass` [ RunTime:0.023409s ]
[ sql ] [ SQL ] SELECT * FROM `dp_cms_kclass` [ RunTime:0.000267s ]
[ sql ] [ SQL ] SHOW COLUMNS FROM `dp_cms_slider` [ RunTime:0.001301s ]
[ sql ] [ SQL ] SELECT * FROM `dp_cms_slider` WHERE  `status` = 1 [ RunTime:0.050191s ]
[ sql ] [ SQL ] SHOW COLUMNS FROM `dp_admin_attachment` [ RunTime:0.011256s ]
[ sql ] [ SQL ] SELECT `path`,`driver`,`thumb` FROM `dp_admin_attachment` WHERE  `id` = 32 LIMIT 1 [ RunTime:0.000509s ]
[ sql ] [ SQL ] SELECT `path`,`driver`,`thumb` FROM `dp_admin_attachment` WHERE  `id` = 33 LIMIT 1 [ RunTime:0.000313s ]
[ sql ] [ SQL ] SELECT `path`,`driver`,`thumb` FROM `dp_admin_attachment` WHERE  `id` = 34 LIMIT 1 [ RunTime:0.000244s ]
[ sql ] [ SQL ] SELECT `path`,`driver`,`thumb` FROM `dp_admin_attachment` WHERE  `id` = 35 LIMIT 1 [ RunTime:0.000221s ]
[ sql ] [ SQL ] SELECT `path`,`driver`,`thumb` FROM `dp_admin_attachment` WHERE  `id` = 26 LIMIT 1 [ RunTime:0.000235s ]
[ sql ] [ SQL ] SELECT `path`,`driver`,`thumb` FROM `dp_admin_attachment` WHERE  `id` = 27 LIMIT 1 [ RunTime:0.000230s ]
[ sql ] [ SQL ] SELECT `path`,`driver`,`thumb` FROM `dp_admin_attachment` WHERE  `id` = 29 LIMIT 1 [ RunTime:0.000217s ]
---------------------------------------------------------------
[ 2019-02-27T17:26:54+08:00 ] 115.239.212.69 GET /
[ info ] a.fhhcpu.top/ [运行时间：0.038690s][吞吐率：25.85req/s] [内存消耗：3,062.32kb] [文件加载：65]
[ info ] [ LANG ] /www/wwwroot/a.fhhcpu.top/thinkphp/lang/zh-cn.php
[ info ] [ ROUTE ] array (
  'type' => 'module',
  'module' => 
  array (
    0 => '',
    1 => NULL,
    2 => NULL,
  ),
)
[ info ] [ HEADER ] array (
  'host' => 'a.fhhcpu.top',
  'accept-language' => 'en,*',
  'accept-encoding' => 'gzip',
  'connection' => 'Keep-Alive',
  'referer' => 'http://www.baidu.com/s?wd=www',
  'accept' => 'text/html,application/xhtml+xml,application/xml;q=0.9,*/*;q=0.8',
  'user-agent' => 'Mozilla/5.0 (Linux; Android 6.0.1; SOV33 Build/35.0.D.0.326) AppleWebKit/537.36 (KHTML, like Gecko)Chrome/49.0.2623.91 Mobile Safari/537.36',
  'content-type' => '',
  'content-length' => '',
)
[ info ] [ PARAM ] array (
)
[ info ] [ CACHE ] INIT File
[ info ] [ DB ] INIT mysql
[ info ] [ BEHAVIOR ] Run app\common\behavior\Config @app_begin [ RunTime:0.011244s ]
[ info ] [ BEHAVIOR ] Run app\common\behavior\Hook @app_begin [ RunTime:0.004178s ]
[ info ] [ RUN ] app\index\controller\Index->index[ /www/wwwroot/a.fhhcpu.top/application/index/controller/Index.php ]
[ info ] [ VIEW ] /www/wwwroot/a.fhhcpu.top/public/../application/index/view/index/index.html [ array (
  0 => 'list',
  1 => 'class',
  2 => 'banner',
  3 => 'count',
  4 => 'time',
  5 => 'nu',
) ]
[ info ] [ LOG ] INIT File
[ sql ] [ DB ] CONNECT:[ UseTime:0.000349s ] mysql:host=127.0.0.1;port=3306;dbname=a_fhhcpu_top;charset=utf8
[ sql ] [ SQL ] SHOW COLUMNS FROM `dp_admin_config` [ RunTime:0.001128s ]
[ sql ] [ SQL ] SELECT `name`,`value`,`type` FROM `dp_admin_config` [ RunTime:0.000259s ]
[ sql ] [ SQL ] SHOW COLUMNS FROM `dp_admin_module` [ RunTime:0.000819s ]
[ sql ] [ SQL ] SELECT `name`,`config` FROM `dp_admin_module` WHERE  `config` <> '' [ RunTime:0.000230s ]
[ sql ] [ SQL ] SHOW COLUMNS FROM `dp_admin_hook` [ RunTime:0.000723s ]
[ sql ] [ SQL ] SELECT `name`,`status` FROM `dp_admin_hook` WHERE  `status` = 1 [ RunTime:0.000187s ]
[ sql ] [ SQL ] SHOW COLUMNS FROM `dp_admin_plugin` [ RunTime:0.000804s ]
[ sql ] [ SQL ] SELECT `name`,`status` FROM `dp_admin_plugin` WHERE  `status` = 1 [ RunTime:0.000192s ]
[ sql ] [ SQL ] SHOW COLUMNS FROM `dp_admin_hook_plugin` [ RunTime:0.000697s ]
[ sql ] [ SQL ] SELECT * FROM `dp_admin_hook_plugin` WHERE  `status` = 1 ORDER BY `hook`,`sort` [ RunTime:0.000208s ]
[ sql ] [ SQL ] SHOW COLUMNS FROM `dp_cms_customer` [ RunTime:0.000883s ]
[ sql ] [ SQL ] SELECT * FROM `dp_cms_customer` WHERE  `new_product` = 1  AND `times` = '0' [ RunTime:0.000247s ]
[ sql ] [ SQL ] SELECT COUNT(*) AS tp_count FROM `dp_cms_customer` WHERE  `times` > '0' LIMIT 1 [ RunTime:0.000220s ]
[ sql ] [ SQL ] SHOW COLUMNS FROM `dp_cms_kclass` [ RunTime:0.000758s ]
[ sql ] [ SQL ] SELECT * FROM `dp_cms_kclass` [ RunTime:0.000190s ]
[ sql ] [ SQL ] SHOW COLUMNS FROM `dp_cms_slider` [ RunTime:0.000685s ]
[ sql ] [ SQL ] SELECT * FROM `dp_cms_slider` WHERE  `status` = 1 [ RunTime:0.000189s ]
[ sql ] [ SQL ] SHOW COLUMNS FROM `dp_admin_attachment` [ RunTime:0.000846s ]
[ sql ] [ SQL ] SELECT `path`,`driver`,`thumb` FROM `dp_admin_attachment` WHERE  `id` = 32 LIMIT 1 [ RunTime:0.000241s ]
[ sql ] [ SQL ] SELECT `path`,`driver`,`thumb` FROM `dp_admin_attachment` WHERE  `id` = 33 LIMIT 1 [ RunTime:0.000186s ]
[ sql ] [ SQL ] SELECT `path`,`driver`,`thumb` FROM `dp_admin_attachment` WHERE  `id` = 34 LIMIT 1 [ RunTime:0.000167s ]
[ sql ] [ SQL ] SELECT `path`,`driver`,`thumb` FROM `dp_admin_attachment` WHERE  `id` = 35 LIMIT 1 [ RunTime:0.000164s ]
[ sql ] [ SQL ] SELECT `path`,`driver`,`thumb` FROM `dp_admin_attachment` WHERE  `id` = 26 LIMIT 1 [ RunTime:0.000168s ]
[ sql ] [ SQL ] SELECT `path`,`driver`,`thumb` FROM `dp_admin_attachment` WHERE  `id` = 27 LIMIT 1 [ RunTime:0.000185s ]
[ sql ] [ SQL ] SELECT `path`,`driver`,`thumb` FROM `dp_admin_attachment` WHERE  `id` = 29 LIMIT 1 [ RunTime:0.000165s ]
---------------------------------------------------------------
[ 2019-02-27T17:26:56+08:00 ] 115.239.212.69 GET /static/shouye/need/layer.css?2.0
[ info ] a.fhhcpu.top/static/shouye/need/layer.css?2.0 [运行时间：0.059236s][吞吐率：16.88req/s] [内存消耗：2,643.20kb] [文件加载：56]
[ info ] [ LANG ] /www/wwwroot/a.fhhcpu.top/thinkphp/lang/zh-cn.php
[ info ] [ ROUTE ] array (
  'type' => 'module',
  'module' => 
  array (
    0 => '404',
    1 => NULL,
    2 => NULL,
  ),
)
[ info ] [ HEADER ] array (
  'host' => 'a.fhhcpu.top',
  'accept-language' => 'en,*',
  'accept-encoding' => 'gzip',
  'connection' => 'Keep-Alive',
  'referer' => 'http://a.fhhcpu.top/',
  'accept' => 'text/css,*/*;q=0.1',
  'user-agent' => 'Mozilla/5.0 (Linux; Android 6.0.1; SOV33 Build/35.0.D.0.326) AppleWebKit/537.36 (KHTML, like Gecko)Chrome/49.0.2623.91 Mobile Safari/537.36',
  'content-type' => '',
  'content-length' => '',
)
[ info ] [ PARAM ] array (
)
[ info ] [ CACHE ] INIT File
[ info ] [ DB ] INIT mysql
[ info ] [ BEHAVIOR ] Run app\common\behavior\Config @app_begin [ RunTime:0.016694s ]
[ info ] [ BEHAVIOR ] Run app\common\behavior\Hook @app_begin [ RunTime:0.006206s ]
[ info ] [ LOG ] INIT File
[ sql ] [ DB ] CONNECT:[ UseTime:0.000606s ] mysql:host=127.0.0.1;port=3306;dbname=a_fhhcpu_top;charset=utf8
[ sql ] [ SQL ] SHOW COLUMNS FROM `dp_admin_config` [ RunTime:0.001562s ]
[ sql ] [ SQL ] SELECT `name`,`value`,`type` FROM `dp_admin_config` [ RunTime:0.000327s ]
[ sql ] [ SQL ] SHOW COLUMNS FROM `dp_admin_module` [ RunTime:0.001115s ]
[ sql ] [ SQL ] SELECT `name`,`config` FROM `dp_admin_module` WHERE  `config` <> '' [ RunTime:0.000284s ]
[ sql ] [ SQL ] SHOW COLUMNS FROM `dp_admin_hook` [ RunTime:0.000979s ]
[ sql ] [ SQL ] SELECT `name`,`status` FROM `dp_admin_hook` WHERE  `status` = 1 [ RunTime:0.000264s ]
[ sql ] [ SQL ] SHOW COLUMNS FROM `dp_admin_plugin` [ RunTime:0.001518s ]
[ sql ] [ SQL ] SELECT `name`,`status` FROM `dp_admin_plugin` WHERE  `status` = 1 [ RunTime:0.000246s ]
[ sql ] [ SQL ] SHOW COLUMNS FROM `dp_admin_hook_plugin` [ RunTime:0.000978s ]
[ sql ] [ SQL ] SELECT * FROM `dp_admin_hook_plugin` WHERE  `status` = 1 ORDER BY `hook`,`sort` [ RunTime:0.000276s ]
