---------------------------------------------------------------
[ 2018-09-27T23:48:58+08:00 ] 112.17.240.107 POST /index.php/index/index/click
[ info ] d.123as.cn/index.php/index/index/click [运行时间：0.007475s][吞吐率：133.78req/s] [内存消耗：488.60kb] [文件加载：64]
[ info ] [ LANG ] /www/wwwroot/d.123as.cn/thinkphp/lang/zh-cn.php
[ info ] [ ROUTE ] array (
  'type' => 'module',
  'module' => 
  array (
    0 => 'index',
    1 => 'index',
    2 => 'click',
  ),
)
[ info ] [ HEADER ] array (
  'x-requested-with' => 'XMLHttpRequest',
  'x-forwarded-for-pound' => '112.17.240.107',
  'x-forwarded-for' => '112.17.240.107',
  'user-agent' => 'Mozilla/5.0 (Linux; Android 7.1.1; vivo X20Plus A Build/NMF26X; wv) AppleWebKit/537.36 (KHTML, like Gecko) Version/4.0 Chrome/57.0.2987.132 MQQBrowser/6.2 TBS/044304 Mobile Safari/537.36 MicroMessenger/6.7.2.1340(0x2607023A) NetType/4G Language/zh_CN',
  'referer' => 'http://d.123as.cn/?aid=16',
  'origin' => 'http://d.123as.cn',
  'host' => 'd.123as.cn',
  'cookie' => 'PHPSESSID=d4v7o53dj3a3h3ij63cvbqtlvp',
  'content-type' => 'application/x-www-form-urlencoded',
  'content-length' => '6',
  'connection' => 'close',
  'accept-language' => 'zh-CN,en-US;q=0.8',
  'accept-encoding' => 'gzip',
  'accept' => '*/*',
)
[ info ] [ PARAM ] array (
  'cid' => '25',
)
[ info ] [ CACHE ] INIT File
[ info ] [ DB ] INIT mysql
[ info ] [ BEHAVIOR ] Run app\common\behavior\Config @app_begin [ RunTime:0.002844s ]
[ info ] [ BEHAVIOR ] Run app\common\behavior\Hook @app_begin [ RunTime:0.002676s ]
[ info ] [ RUN ] app\index\controller\Index->click[ /www/wwwroot/d.123as.cn/application/index/controller/Index.php ]
[ info ] [ SESSION ] INIT array (
  'id' => '',
  'var_session_id' => '',
  'prefix' => 'dolphin_admin_',
  'type' => '',
  'auto_start' => true,
)
[ info ] [ LOG ] INIT File
[ sql ] [ DB ] CONNECT:[ UseTime:0.000330s ] mysql:host=127.0.0.1;port=3306;dbname=d_123as_cn;charset=utf8
[ sql ] [ SQL ] SHOW COLUMNS FROM `dp_admin_config` [ RunTime:0.000761s ]
[ sql ] [ SQL ] SELECT `name`,`value`,`type` FROM `dp_admin_config` [ RunTime:0.000168s ]
[ sql ] [ SQL ] SHOW COLUMNS FROM `dp_admin_module` [ RunTime:0.000587s ]
[ sql ] [ SQL ] SELECT `name`,`config` FROM `dp_admin_module` WHERE  `config` <> '' [ RunTime:0.000157s ]
[ sql ] [ SQL ] SHOW COLUMNS FROM `dp_admin_hook` [ RunTime:0.000511s ]
[ sql ] [ SQL ] SELECT `name`,`status` FROM `dp_admin_hook` WHERE  `status` = 1 [ RunTime:0.000141s ]
[ sql ] [ SQL ] SHOW COLUMNS FROM `dp_admin_plugin` [ RunTime:0.000523s ]
[ sql ] [ SQL ] SELECT `name`,`status` FROM `dp_admin_plugin` WHERE  `status` = 1 [ RunTime:0.000133s ]
[ sql ] [ SQL ] SHOW COLUMNS FROM `dp_admin_hook_plugin` [ RunTime:0.000455s ]
[ sql ] [ SQL ] SELECT * FROM `dp_admin_hook_plugin` WHERE  `status` = 1 ORDER BY `hook`,`sort` [ RunTime:0.000184s ]
---------------------------------------------------------------
[ 2018-09-27T23:49:00+08:00 ] 112.17.240.107 GET /index.php/index/index/login
[ info ] d.123as.cn/index.php/index/index/login [运行时间：0.007394s][吞吐率：135.24req/s] [内存消耗：486.05kb] [文件加载：63]
[ info ] [ LANG ] /www/wwwroot/d.123as.cn/thinkphp/lang/zh-cn.php
[ info ] [ ROUTE ] array (
  'type' => 'module',
  'module' => 
  array (
    0 => 'index',
    1 => 'index',
    2 => 'login',
  ),
)
[ info ] [ HEADER ] array (
  'x-forwarded-for-pound' => '112.17.240.107',
  'x-forwarded-for' => '112.17.240.107',
  'user-agent' => 'Mozilla/5.0 (Linux; Android 7.1.1; vivo X20Plus A Build/NMF26X; wv) AppleWebKit/537.36 (KHTML, like Gecko) Version/4.0 Chrome/57.0.2987.132 MQQBrowser/6.2 TBS/044304 Mobile Safari/537.36 MicroMessenger/6.7.2.1340(0x2607023A) NetType/4G Language/zh_CN',
  'referer' => 'http://d.123as.cn/?aid=16',
  'host' => 'd.123as.cn',
  'cookie' => 'PHPSESSID=d4v7o53dj3a3h3ij63cvbqtlvp',
  'connection' => 'close',
  'accept-language' => 'zh-CN,en-US;q=0.8',
  'accept-encoding' => 'gzip',
  'accept' => 'text/html,application/xhtml+xml,application/xml;q=0.9,image/webp,image/apng,image/wxpic,image/sharpp,image/apng,image/tpg,*/*;q=0.8',
  'content-type' => '',
  'content-length' => '',
)
[ info ] [ PARAM ] array (
)
[ info ] [ CACHE ] INIT File
[ info ] [ DB ] INIT mysql
[ info ] [ BEHAVIOR ] Run app\common\behavior\Config @app_begin [ RunTime:0.003011s ]
[ info ] [ BEHAVIOR ] Run app\common\behavior\Hook @app_begin [ RunTime:0.002723s ]
[ info ] [ RUN ] app\index\controller\Index->login[ /www/wwwroot/d.123as.cn/application/index/controller/Index.php ]
[ info ] [ VIEW ] /www/wwwroot/d.123as.cn/public/../application/index/view/index/login.html [ array (
) ]
[ info ] [ LOG ] INIT File
[ sql ] [ DB ] CONNECT:[ UseTime:0.000357s ] mysql:host=127.0.0.1;port=3306;dbname=d_123as_cn;charset=utf8
[ sql ] [ SQL ] SHOW COLUMNS FROM `dp_admin_config` [ RunTime:0.000807s ]
[ sql ] [ SQL ] SELECT `name`,`value`,`type` FROM `dp_admin_config` [ RunTime:0.000219s ]
[ sql ] [ SQL ] SHOW COLUMNS FROM `dp_admin_module` [ RunTime:0.000558s ]
[ sql ] [ SQL ] SELECT `name`,`config` FROM `dp_admin_module` WHERE  `config` <> '' [ RunTime:0.000150s ]
[ sql ] [ SQL ] SHOW COLUMNS FROM `dp_admin_hook` [ RunTime:0.000492s ]
[ sql ] [ SQL ] SELECT `name`,`status` FROM `dp_admin_hook` WHERE  `status` = 1 [ RunTime:0.000147s ]
[ sql ] [ SQL ] SHOW COLUMNS FROM `dp_admin_plugin` [ RunTime:0.000471s ]
[ sql ] [ SQL ] SELECT `name`,`status` FROM `dp_admin_plugin` WHERE  `status` = 1 [ RunTime:0.000152s ]
[ sql ] [ SQL ] SHOW COLUMNS FROM `dp_admin_hook_plugin` [ RunTime:0.000555s ]
[ sql ] [ SQL ] SELECT * FROM `dp_admin_hook_plugin` WHERE  `status` = 1 ORDER BY `hook`,`sort` [ RunTime:0.000175s ]
---------------------------------------------------------------
[ 2018-09-27T23:49:00+08:00 ] 112.97.251.71 GET /?aid=15
[ info ] d.123as.cn/?aid=15 [运行时间：0.012528s][吞吐率：79.82req/s] [内存消耗：651.89kb] [文件加载：67]
[ info ] [ LANG ] /www/wwwroot/d.123as.cn/thinkphp/lang/zh-cn.php
[ info ] [ ROUTE ] array (
  'type' => 'module',
  'module' => 
  array (
    0 => '',
    1 => NULL,
    2 => NULL,
  ),
)
[ info ] [ HEADER ] array (
  'accept-language' => 'zh-CN,zh-CN;q=0.8,en-US;q=0.6',
  'accept-encoding' => 'gzip, deflate',
  'accept' => 'text/html,application/xhtml+xml,application/xml;q=0.9,image/webp,image/apng,image/wxpic,image/sharpp,image/apng,*/*;q=0.8',
  'user-agent' => 'Mozilla/5.0 (Linux; Android 8.0; LLD-AL10 Build/HONORLLD-AL10; wv) AppleWebKit/537.36 (KHTML, like Gecko) Version/4.0 Chrome/57.0.2987.132 MQQBrowser/6.2 TBS/044208 Mobile Safari/537.36 MicroMessenger/6.7.2.1340(0x26070233) NetType/4G Language/zh_CN',
  'connection' => 'keep-alive',
  'host' => 'd.123as.cn',
  'content-type' => '',
  'content-length' => '',
)
[ info ] [ PARAM ] array (
  'aid' => '15',
)
[ info ] [ CACHE ] INIT File
[ info ] [ DB ] INIT mysql
[ info ] [ BEHAVIOR ] Run app\common\behavior\Config @app_begin [ RunTime:0.002602s ]
[ info ] [ BEHAVIOR ] Run app\common\behavior\Hook @app_begin [ RunTime:0.002480s ]
[ info ] [ RUN ] app\index\controller\Index->index[ /www/wwwroot/d.123as.cn/application/index/controller/Index.php ]
[ info ] [ SESSION ] INIT array (
  'id' => '',
  'var_session_id' => '',
  'prefix' => 'dolphin_admin_',
  'type' => '',
  'auto_start' => true,
)
[ info ] [ VIEW ] /www/wwwroot/d.123as.cn/public/../application/index/view/index/index.html [ array (
  0 => 'list',
  1 => 'slide',
) ]
[ info ] [ LOG ] INIT File
[ sql ] [ DB ] CONNECT:[ UseTime:0.000327s ] mysql:host=127.0.0.1;port=3306;dbname=d_123as_cn;charset=utf8
[ sql ] [ SQL ] SHOW COLUMNS FROM `dp_admin_config` [ RunTime:0.000698s ]
[ sql ] [ SQL ] SELECT `name`,`value`,`type` FROM `dp_admin_config` [ RunTime:0.000155s ]
[ sql ] [ SQL ] SHOW COLUMNS FROM `dp_admin_module` [ RunTime:0.000514s ]
[ sql ] [ SQL ] SELECT `name`,`config` FROM `dp_admin_module` WHERE  `config` <> '' [ RunTime:0.000139s ]
[ sql ] [ SQL ] SHOW COLUMNS FROM `dp_admin_hook` [ RunTime:0.000450s ]
[ sql ] [ SQL ] SELECT `name`,`status` FROM `dp_admin_hook` WHERE  `status` = 1 [ RunTime:0.000131s ]
[ sql ] [ SQL ] SHOW COLUMNS FROM `dp_admin_plugin` [ RunTime:0.000511s ]
[ sql ] [ SQL ] SELECT `name`,`status` FROM `dp_admin_plugin` WHERE  `status` = 1 [ RunTime:0.000140s ]
[ sql ] [ SQL ] SHOW COLUMNS FROM `dp_admin_hook_plugin` [ RunTime:0.000416s ]
[ sql ] [ SQL ] SELECT * FROM `dp_admin_hook_plugin` WHERE  `status` = 1 ORDER BY `hook`,`sort` [ RunTime:0.000156s ]
[ sql ] [ SQL ] SHOW COLUMNS FROM `dp_cms_customer` [ RunTime:0.000486s ]
[ sql ] [ SQL ] SELECT * FROM `dp_cms_customer` WHERE  `online` = 1 ORDER BY `sort` ASC [ RunTime:0.000318s ]
[ sql ] [ SQL ] SHOW COLUMNS FROM `dp_cms_slider` [ RunTime:0.000457s ]
[ sql ] [ SQL ] SELECT * FROM `dp_cms_slider` ORDER BY `sort` ASC [ RunTime:0.000119s ]
[ sql ] [ SQL ] SHOW COLUMNS FROM `dp_admin_attachment` [ RunTime:0.000483s ]
[ sql ] [ SQL ] SELECT `path`,`driver`,`thumb` FROM `dp_admin_attachment` WHERE  `id` = 3 LIMIT 1 [ RunTime:0.000134s ]
[ sql ] [ SQL ] SELECT `path`,`driver`,`thumb` FROM `dp_admin_attachment` WHERE  `id` = 16 LIMIT 1 [ RunTime:0.000126s ]
[ sql ] [ SQL ] SELECT `path`,`driver`,`thumb` FROM `dp_admin_attachment` WHERE  `id` = 10 LIMIT 1 [ RunTime:0.000116s ]
[ sql ] [ SQL ] SELECT `path`,`driver`,`thumb` FROM `dp_admin_attachment` WHERE  `id` = 25 LIMIT 1 [ RunTime:0.000154s ]
[ sql ] [ SQL ] SELECT `path`,`driver`,`thumb` FROM `dp_admin_attachment` WHERE  `id` = 29 LIMIT 1 [ RunTime:0.000121s ]
[ sql ] [ SQL ] SELECT `path`,`driver`,`thumb` FROM `dp_admin_attachment` WHERE  `id` = 27 LIMIT 1 [ RunTime:0.000116s ]
[ sql ] [ SQL ] SELECT `path`,`driver`,`thumb` FROM `dp_admin_attachment` WHERE  `id` = 21 LIMIT 1 [ RunTime:0.000115s ]
[ sql ] [ SQL ] SELECT `path`,`driver`,`thumb` FROM `dp_admin_attachment` WHERE  `id` = 26 LIMIT 1 [ RunTime:0.000116s ]
[ sql ] [ SQL ] SELECT `path`,`driver`,`thumb` FROM `dp_admin_attachment` WHERE  `id` = 28 LIMIT 1 [ RunTime:0.000120s ]
[ sql ] [ SQL ] SELECT `path`,`driver`,`thumb` FROM `dp_admin_attachment` WHERE  `id` = 30 LIMIT 1 [ RunTime:0.000115s ]
[ sql ] [ SQL ] SELECT `path`,`driver`,`thumb` FROM `dp_admin_attachment` WHERE  `id` = 24 LIMIT 1 [ RunTime:0.000115s ]
[ sql ] [ SQL ] SELECT `path`,`driver`,`thumb` FROM `dp_admin_attachment` WHERE  `id` = 13 LIMIT 1 [ RunTime:0.000113s ]
[ sql ] [ SQL ] SELECT `path`,`driver`,`thumb` FROM `dp_admin_attachment` WHERE  `id` = 14 LIMIT 1 [ RunTime:0.000127s ]
[ sql ] [ SQL ] SELECT `path`,`driver`,`thumb` FROM `dp_admin_attachment` WHERE  `id` = 11 LIMIT 1 [ RunTime:0.000124s ]
---------------------------------------------------------------
[ 2018-09-27T23:49:23+08:00 ] 112.97.251.71 GET /?aid=15
[ info ] d.123as.cn/?aid=15 [运行时间：0.014496s][吞吐率：68.98req/s] [内存消耗：652.29kb] [文件加载：67]
[ info ] [ LANG ] /www/wwwroot/d.123as.cn/thinkphp/lang/zh-cn.php
[ info ] [ ROUTE ] array (
  'type' => 'module',
  'module' => 
  array (
    0 => '',
    1 => NULL,
    2 => NULL,
  ),
)
[ info ] [ HEADER ] array (
  'cookie' => 'PHPSESSID=egblj78mlga1ckaatstas7nctg',
  'accept-language' => 'zh-CN,zh-CN;q=0.8,en-US;q=0.6',
  'accept-encoding' => 'gzip, deflate',
  'accept' => 'text/html,application/xhtml+xml,application/xml;q=0.9,image/webp,image/apng,image/wxpic,image/sharpp,image/apng,*/*;q=0.8',
  'user-agent' => 'Mozilla/5.0 (Linux; Android 8.0; LLD-AL10 Build/HONORLLD-AL10; wv) AppleWebKit/537.36 (KHTML, like Gecko) Version/4.0 Chrome/57.0.2987.132 MQQBrowser/6.2 TBS/044208 Mobile Safari/537.36 MicroMessenger/6.7.2.1340(0x26070233) NetType/4G Language/zh_CN',
  'connection' => 'keep-alive',
  'host' => 'd.123as.cn',
  'content-type' => '',
  'content-length' => '',
)
[ info ] [ PARAM ] array (
  'aid' => '15',
)
[ info ] [ CACHE ] INIT File
[ info ] [ DB ] INIT mysql
[ info ] [ BEHAVIOR ] Run app\common\behavior\Config @app_begin [ RunTime:0.003615s ]
[ info ] [ BEHAVIOR ] Run app\common\behavior\Hook @app_begin [ RunTime:0.003347s ]
[ info ] [ RUN ] app\index\controller\Index->index[ /www/wwwroot/d.123as.cn/application/index/controller/Index.php ]
[ info ] [ SESSION ] INIT array (
  'id' => '',
  'var_session_id' => '',
  'prefix' => 'dolphin_admin_',
  'type' => '',
  'auto_start' => true,
)
[ info ] [ VIEW ] /www/wwwroot/d.123as.cn/public/../application/index/view/index/index.html [ array (
  0 => 'list',
  1 => 'slide',
) ]
[ info ] [ LOG ] INIT File
[ sql ] [ DB ] CONNECT:[ UseTime:0.000422s ] mysql:host=127.0.0.1;port=3306;dbname=d_123as_cn;charset=utf8
[ sql ] [ SQL ] SHOW COLUMNS FROM `dp_admin_config` [ RunTime:0.000950s ]
[ sql ] [ SQL ] SELECT `name`,`value`,`type` FROM `dp_admin_config` [ RunTime:0.000213s ]
[ sql ] [ SQL ] SHOW COLUMNS FROM `dp_admin_module` [ RunTime:0.000694s ]
[ sql ] [ SQL ] SELECT `name`,`config` FROM `dp_admin_module` WHERE  `config` <> '' [ RunTime:0.000197s ]
[ sql ] [ SQL ] SHOW COLUMNS FROM `dp_admin_hook` [ RunTime:0.000634s ]
[ sql ] [ SQL ] SELECT `name`,`status` FROM `dp_admin_hook` WHERE  `status` = 1 [ RunTime:0.000183s ]
[ sql ] [ SQL ] SHOW COLUMNS FROM `dp_admin_plugin` [ RunTime:0.000695s ]
[ sql ] [ SQL ] SELECT `name`,`status` FROM `dp_admin_plugin` WHERE  `status` = 1 [ RunTime:0.000173s ]
[ sql ] [ SQL ] SHOW COLUMNS FROM `dp_admin_hook_plugin` [ RunTime:0.000616s ]
[ sql ] [ SQL ] SELECT * FROM `dp_admin_hook_plugin` WHERE  `status` = 1 ORDER BY `hook`,`sort` [ RunTime:0.000189s ]
[ sql ] [ SQL ] SHOW COLUMNS FROM `dp_cms_customer` [ RunTime:0.000488s ]
[ sql ] [ SQL ] SELECT * FROM `dp_cms_customer` WHERE  `online` = 1 ORDER BY `sort` ASC [ RunTime:0.000173s ]
[ sql ] [ SQL ] SHOW COLUMNS FROM `dp_cms_slider` [ RunTime:0.000438s ]
[ sql ] [ SQL ] SELECT * FROM `dp_cms_slider` ORDER BY `sort` ASC [ RunTime:0.000116s ]
[ sql ] [ SQL ] SHOW COLUMNS FROM `dp_admin_attachment` [ RunTime:0.000496s ]
[ sql ] [ SQL ] SELECT `path`,`driver`,`thumb` FROM `dp_admin_attachment` WHERE  `id` = 3 LIMIT 1 [ RunTime:0.000128s ]
[ sql ] [ SQL ] SELECT `path`,`driver`,`thumb` FROM `dp_admin_attachment` WHERE  `id` = 16 LIMIT 1 [ RunTime:0.000137s ]
[ sql ] [ SQL ] SELECT `path`,`driver`,`thumb` FROM `dp_admin_attachment` WHERE  `id` = 10 LIMIT 1 [ RunTime:0.000118s ]
[ sql ] [ SQL ] SELECT `path`,`driver`,`thumb` FROM `dp_admin_attachment` WHERE  `id` = 25 LIMIT 1 [ RunTime:0.000118s ]
[ sql ] [ SQL ] SELECT `path`,`driver`,`thumb` FROM `dp_admin_attachment` WHERE  `id` = 29 LIMIT 1 [ RunTime:0.000113s ]
[ sql ] [ SQL ] SELECT `path`,`driver`,`thumb` FROM `dp_admin_attachment` WHERE  `id` = 27 LIMIT 1 [ RunTime:0.000109s ]
[ sql ] [ SQL ] SELECT `path`,`driver`,`thumb` FROM `dp_admin_attachment` WHERE  `id` = 21 LIMIT 1 [ RunTime:0.000119s ]
[ sql ] [ SQL ] SELECT `path`,`driver`,`thumb` FROM `dp_admin_attachment` WHERE  `id` = 26 LIMIT 1 [ RunTime:0.000125s ]
[ sql ] [ SQL ] SELECT `path`,`driver`,`thumb` FROM `dp_admin_attachment` WHERE  `id` = 28 LIMIT 1 [ RunTime:0.000112s ]
[ sql ] [ SQL ] SELECT `path`,`driver`,`thumb` FROM `dp_admin_attachment` WHERE  `id` = 30 LIMIT 1 [ RunTime:0.000109s ]
[ sql ] [ SQL ] SELECT `path`,`driver`,`thumb` FROM `dp_admin_attachment` WHERE  `id` = 24 LIMIT 1 [ RunTime:0.000127s ]
[ sql ] [ SQL ] SELECT `path`,`driver`,`thumb` FROM `dp_admin_attachment` WHERE  `id` = 13 LIMIT 1 [ RunTime:0.000112s ]
[ sql ] [ SQL ] SELECT `path`,`driver`,`thumb` FROM `dp_admin_attachment` WHERE  `id` = 14 LIMIT 1 [ RunTime:0.000112s ]
[ sql ] [ SQL ] SELECT `path`,`driver`,`thumb` FROM `dp_admin_attachment` WHERE  `id` = 11 LIMIT 1 [ RunTime:0.000110s ]
---------------------------------------------------------------
[ 2018-09-27T23:49:26+08:00 ] 112.97.219.71 POST /index.php/index/index/click
[ info ] d.123as.cn/index.php/index/index/click [运行时间：0.006579s][吞吐率：152.00req/s] [内存消耗：488.29kb] [文件加载：64]
[ info ] [ LANG ] /www/wwwroot/d.123as.cn/thinkphp/lang/zh-cn.php
[ info ] [ ROUTE ] array (
  'type' => 'module',
  'module' => 
  array (
    0 => 'index',
    1 => 'index',
    2 => 'click',
  ),
)
[ info ] [ HEADER ] array (
  'x-requested-with' => 'XMLHttpRequest',
  'x-forwarded-for-pound' => '112.97.219.71',
  'x-forwarded-for' => '112.97.219.71',
  'user-agent' => 'Mozilla/5.0 (Linux; Android 8.0; LLD-AL10 Build/HONORLLD-AL10; wv) AppleWebKit/537.36 (KHTML, like Gecko) Version/4.0 Chrome/57.0.2987.132 MQQBrowser/6.2 TBS/044208 Mobile Safari/537.36 MicroMessenger/6.7.2.1340(0x26070233) NetType/4G Language/zh_CN',
  'referer' => 'http://d.123as.cn/?aid=15',
  'origin' => 'http://d.123as.cn',
  'host' => 'd.123as.cn',
  'cookie' => 'PHPSESSID=egblj78mlga1ckaatstas7nctg',
  'content-type' => 'application/x-www-form-urlencoded',
  'content-length' => '5',
  'connection' => 'close',
  'accept-language' => 'zh-CN,zh-CN;q=0.8,en-US;q=0.6',
  'accept-encoding' => 'gzip',
  'accept' => '*/*',
)
[ info ] [ PARAM ] array (
  'cid' => '9',
)
[ info ] [ CACHE ] INIT File
[ info ] [ DB ] INIT mysql
[ info ] [ BEHAVIOR ] Run app\common\behavior\Config @app_begin [ RunTime:0.002741s ]
[ info ] [ BEHAVIOR ] Run app\common\behavior\Hook @app_begin [ RunTime:0.002410s ]
[ info ] [ RUN ] app\index\controller\Index->click[ /www/wwwroot/d.123as.cn/application/index/controller/Index.php ]
[ info ] [ SESSION ] INIT array (
  'id' => '',
  'var_session_id' => '',
  'prefix' => 'dolphin_admin_',
  'type' => '',
  'auto_start' => true,
)
[ info ] [ LOG ] INIT File
[ sql ] [ DB ] CONNECT:[ UseTime:0.000375s ] mysql:host=127.0.0.1;port=3306;dbname=d_123as_cn;charset=utf8
[ sql ] [ SQL ] SHOW COLUMNS FROM `dp_admin_config` [ RunTime:0.000711s ]
[ sql ] [ SQL ] SELECT `name`,`value`,`type` FROM `dp_admin_config` [ RunTime:0.000162s ]
[ sql ] [ SQL ] SHOW COLUMNS FROM `dp_admin_module` [ RunTime:0.000528s ]
[ sql ] [ SQL ] SELECT `name`,`config` FROM `dp_admin_module` WHERE  `config` <> '' [ RunTime:0.000149s ]
[ sql ] [ SQL ] SHOW COLUMNS FROM `dp_admin_hook` [ RunTime:0.000464s ]
[ sql ] [ SQL ] SELECT `name`,`status` FROM `dp_admin_hook` WHERE  `status` = 1 [ RunTime:0.000125s ]
[ sql ] [ SQL ] SHOW COLUMNS FROM `dp_admin_plugin` [ RunTime:0.000469s ]
[ sql ] [ SQL ] SELECT `name`,`status` FROM `dp_admin_plugin` WHERE  `status` = 1 [ RunTime:0.000127s ]
[ sql ] [ SQL ] SHOW COLUMNS FROM `dp_admin_hook_plugin` [ RunTime:0.000409s ]
[ sql ] [ SQL ] SELECT * FROM `dp_admin_hook_plugin` WHERE  `status` = 1 ORDER BY `hook`,`sort` [ RunTime:0.000155s ]
---------------------------------------------------------------
[ 2018-09-27T23:49:28+08:00 ] 112.97.219.71 GET /index.php/index/index/login
[ info ] d.123as.cn/index.php/index/index/login [运行时间：0.007512s][吞吐率：133.12req/s] [内存消耗：486.05kb] [文件加载：63]
[ info ] [ LANG ] /www/wwwroot/d.123as.cn/thinkphp/lang/zh-cn.php
[ info ] [ ROUTE ] array (
  'type' => 'module',
  'module' => 
  array (
    0 => 'index',
    1 => 'index',
    2 => 'login',
  ),
)
[ info ] [ HEADER ] array (
  'x-forwarded-for-pound' => '112.97.219.71',
  'x-forwarded-for' => '112.97.219.71',
  'user-agent' => 'Mozilla/5.0 (Linux; Android 8.0; LLD-AL10 Build/HONORLLD-AL10; wv) AppleWebKit/537.36 (KHTML, like Gecko) Version/4.0 Chrome/57.0.2987.132 MQQBrowser/6.2 TBS/044208 Mobile Safari/537.36 MicroMessenger/6.7.2.1340(0x26070233) NetType/4G Language/zh_CN',
  'referer' => 'http://d.123as.cn/?aid=15',
  'host' => 'd.123as.cn',
  'cookie' => 'PHPSESSID=egblj78mlga1ckaatstas7nctg',
  'connection' => 'close',
  'accept-language' => 'zh-CN,zh-CN;q=0.8,en-US;q=0.6',
  'accept-encoding' => 'gzip',
  'accept' => 'text/html,application/xhtml+xml,application/xml;q=0.9,image/webp,image/apng,image/wxpic,image/sharpp,image/apng,*/*;q=0.8',
  'content-type' => '',
  'content-length' => '',
)
[ info ] [ PARAM ] array (
)
[ info ] [ CACHE ] INIT File
[ info ] [ DB ] INIT mysql
[ info ] [ BEHAVIOR ] Run app\common\behavior\Config @app_begin [ RunTime:0.002997s ]
[ info ] [ BEHAVIOR ] Run app\common\behavior\Hook @app_begin [ RunTime:0.002660s ]
[ info ] [ RUN ] app\index\controller\Index->login[ /www/wwwroot/d.123as.cn/application/index/controller/Index.php ]
[ info ] [ VIEW ] /www/wwwroot/d.123as.cn/public/../application/index/view/index/login.html [ array (
) ]
[ info ] [ LOG ] INIT File
[ sql ] [ DB ] CONNECT:[ UseTime:0.000359s ] mysql:host=127.0.0.1;port=3306;dbname=d_123as_cn;charset=utf8
[ sql ] [ SQL ] SHOW COLUMNS FROM `dp_admin_config` [ RunTime:0.000810s ]
[ sql ] [ SQL ] SELECT `name`,`value`,`type` FROM `dp_admin_config` [ RunTime:0.000172s ]
[ sql ] [ SQL ] SHOW COLUMNS FROM `dp_admin_module` [ RunTime:0.000549s ]
[ sql ] [ SQL ] SELECT `name`,`config` FROM `dp_admin_module` WHERE  `config` <> '' [ RunTime:0.000154s ]
[ sql ] [ SQL ] SHOW COLUMNS FROM `dp_admin_hook` [ RunTime:0.000494s ]
[ sql ] [ SQL ] SELECT `name`,`status` FROM `dp_admin_hook` WHERE  `status` = 1 [ RunTime:0.000152s ]
[ sql ] [ SQL ] SHOW COLUMNS FROM `dp_admin_plugin` [ RunTime:0.000548s ]
[ sql ] [ SQL ] SELECT `name`,`status` FROM `dp_admin_plugin` WHERE  `status` = 1 [ RunTime:0.000140s ]
[ sql ] [ SQL ] SHOW COLUMNS FROM `dp_admin_hook_plugin` [ RunTime:0.000445s ]
[ sql ] [ SQL ] SELECT * FROM `dp_admin_hook_plugin` WHERE  `status` = 1 ORDER BY `hook`,`sort` [ RunTime:0.000156s ]
---------------------------------------------------------------
[ 2018-09-27T23:49:55+08:00 ] 112.97.251.71 POST /index.php/index/index/login
[ info ] d.123as.cn/index.php/index/index/login [运行时间：0.037319s][吞吐率：26.80req/s] [内存消耗：540.53kb] [文件加载：65]
[ info ] [ LANG ] /www/wwwroot/d.123as.cn/thinkphp/lang/zh-cn.php
[ info ] [ ROUTE ] array (
  'type' => 'module',
  'module' => 
  array (
    0 => 'index',
    1 => 'index',
    2 => 'login',
  ),
)
[ info ] [ HEADER ] array (
  'cookie' => 'PHPSESSID=egblj78mlga1ckaatstas7nctg',
  'accept-language' => 'zh-CN,zh-CN;q=0.8,en-US;q=0.6',
  'accept-encoding' => 'gzip, deflate',
  'referer' => 'http://d.123as.cn/index.php/index/index/login',
  'content-type' => 'application/x-www-form-urlencoded',
  'user-agent' => 'Mozilla/5.0 (Linux; Android 8.0; LLD-AL10 Build/HONORLLD-AL10; wv) AppleWebKit/537.36 (KHTML, like Gecko) Version/4.0 Chrome/57.0.2987.132 MQQBrowser/6.2 TBS/044208 Mobile Safari/537.36 MicroMessenger/6.7.2.1340(0x26070233) NetType/4G Language/zh_CN',
  'x-requested-with' => 'XMLHttpRequest',
  'origin' => 'http://d.123as.cn',
  'accept' => '*/*',
  'content-length' => '39',
  'connection' => 'keep-alive',
  'host' => 'd.123as.cn',
)
[ info ] [ PARAM ] array (
  'telephone' => '13059518635',
  'password' => 'zy258369',
)
[ info ] [ CACHE ] INIT File
[ info ] [ DB ] INIT mysql
[ info ] [ BEHAVIOR ] Run app\common\behavior\Config @app_begin [ RunTime:0.002763s ]
[ info ] [ BEHAVIOR ] Run app\common\behavior\Hook @app_begin [ RunTime:0.002518s ]
[ info ] [ RUN ] app\index\controller\Index->login[ /www/wwwroot/d.123as.cn/application/index/controller/Index.php ]
[ info ] [ SESSION ] INIT array (
  'id' => '',
  'var_session_id' => '',
  'prefix' => 'dolphin_admin_',
  'type' => '',
  'auto_start' => true,
)
[ info ] [ LOG ] INIT File
[ sql ] [ DB ] CONNECT:[ UseTime:0.000333s ] mysql:host=127.0.0.1;port=3306;dbname=d_123as_cn;charset=utf8
[ sql ] [ SQL ] SHOW COLUMNS FROM `dp_admin_config` [ RunTime:0.000726s ]
[ sql ] [ SQL ] SELECT `name`,`value`,`type` FROM `dp_admin_config` [ RunTime:0.000155s ]
[ sql ] [ SQL ] SHOW COLUMNS FROM `dp_admin_module` [ RunTime:0.000515s ]
[ sql ] [ SQL ] SELECT `name`,`config` FROM `dp_admin_module` WHERE  `config` <> '' [ RunTime:0.000139s ]
[ sql ] [ SQL ] SHOW COLUMNS FROM `dp_admin_hook` [ RunTime:0.000477s ]
[ sql ] [ SQL ] SELECT `name`,`status` FROM `dp_admin_hook` WHERE  `status` = 1 [ RunTime:0.000128s ]
[ sql ] [ SQL ] SHOW COLUMNS FROM `dp_admin_plugin` [ RunTime:0.000467s ]
[ sql ] [ SQL ] SELECT `name`,`status` FROM `dp_admin_plugin` WHERE  `status` = 1 [ RunTime:0.000192s ]
[ sql ] [ SQL ] SHOW COLUMNS FROM `dp_admin_hook_plugin` [ RunTime:0.000420s ]
[ sql ] [ SQL ] SELECT * FROM `dp_admin_hook_plugin` WHERE  `status` = 1 ORDER BY `hook`,`sort` [ RunTime:0.000158s ]
[ sql ] [ SQL ] SHOW COLUMNS FROM `dp_cms_user` [ RunTime:0.000536s ]
[ sql ] [ SQL ] SELECT * FROM `dp_cms_user` WHERE  `telephone` = '13059518635'  AND `password` = 'b8769b6525be02a35f10b4039e11b8a4' LIMIT 1 [ RunTime:0.000282s ]
[ sql ] [ SQL ] UPDATE `dp_cms_user`  SET `ip`='112.97.251.71',`update_time`=1538063395  WHERE  `id` = 1054 [ RunTime:0.028890s ]
---------------------------------------------------------------
[ 2018-09-27T23:49:58+08:00 ] 112.97.251.71 GET /
[ info ] d.123as.cn/ [运行时间：0.013117s][吞吐率：76.24req/s] [内存消耗：650.15kb] [文件加载：67]
[ info ] [ LANG ] /www/wwwroot/d.123as.cn/thinkphp/lang/zh-cn.php
[ info ] [ ROUTE ] array (
  'type' => 'module',
  'module' => 
  array (
    0 => '',
    1 => NULL,
    2 => NULL,
  ),
)
[ info ] [ HEADER ] array (
  'cookie' => 'PHPSESSID=egblj78mlga1ckaatstas7nctg',
  'accept-language' => 'zh-CN,zh-CN;q=0.8,en-US;q=0.6',
  'accept-encoding' => 'gzip, deflate',
  'referer' => 'http://d.123as.cn/index.php/index/index/login',
  'accept' => 'text/html,application/xhtml+xml,application/xml;q=0.9,image/webp,image/apng,image/wxpic,image/sharpp,image/apng,*/*;q=0.8',
  'user-agent' => 'Mozilla/5.0 (Linux; Android 8.0; LLD-AL10 Build/HONORLLD-AL10; wv) AppleWebKit/537.36 (KHTML, like Gecko) Version/4.0 Chrome/57.0.2987.132 MQQBrowser/6.2 TBS/044208 Mobile Safari/537.36 MicroMessenger/6.7.2.1340(0x26070233) NetType/4G Language/zh_CN',
  'connection' => 'keep-alive',
  'host' => 'd.123as.cn',
  'content-type' => '',
  'content-length' => '',
)
[ info ] [ PARAM ] array (
)
[ info ] [ CACHE ] INIT File
[ info ] [ DB ] INIT mysql
[ info ] [ BEHAVIOR ] Run app\common\behavior\Config @app_begin [ RunTime:0.002755s ]
[ info ] [ BEHAVIOR ] Run app\common\behavior\Hook @app_begin [ RunTime:0.002507s ]
[ info ] [ RUN ] app\index\controller\Index->index[ /www/wwwroot/d.123as.cn/application/index/controller/Index.php ]
[ info ] [ VIEW ] /www/wwwroot/d.123as.cn/public/../application/index/view/index/index.html [ array (
  0 => 'list',
  1 => 'slide',
) ]
[ info ] [ LOG ] INIT File
[ sql ] [ DB ] CONNECT:[ UseTime:0.000356s ] mysql:host=127.0.0.1;port=3306;dbname=d_123as_cn;charset=utf8
[ sql ] [ SQL ] SHOW COLUMNS FROM `dp_admin_config` [ RunTime:0.000687s ]
[ sql ] [ SQL ] SELECT `name`,`value`,`type` FROM `dp_admin_config` [ RunTime:0.000179s ]
[ sql ] [ SQL ] SHOW COLUMNS FROM `dp_admin_module` [ RunTime:0.000530s ]
[ sql ] [ SQL ] SELECT `name`,`config` FROM `dp_admin_module` WHERE  `config` <> '' [ RunTime:0.000173s ]
[ sql ] [ SQL ] SHOW COLUMNS FROM `dp_admin_hook` [ RunTime:0.000470s ]
[ sql ] [ SQL ] SELECT `name`,`status` FROM `dp_admin_hook` WHERE  `status` = 1 [ RunTime:0.000136s ]
[ sql ] [ SQL ] SHOW COLUMNS FROM `dp_admin_plugin` [ RunTime:0.000503s ]
[ sql ] [ SQL ] SELECT `name`,`status` FROM `dp_admin_plugin` WHERE  `status` = 1 [ RunTime:0.000125s ]
[ sql ] [ SQL ] SHOW COLUMNS FROM `dp_admin_hook_plugin` [ RunTime:0.000478s ]
[ sql ] [ SQL ] SELECT * FROM `dp_admin_hook_plugin` WHERE  `status` = 1 ORDER BY `hook`,`sort` [ RunTime:0.000138s ]
[ sql ] [ SQL ] SHOW COLUMNS FROM `dp_cms_customer` [ RunTime:0.000535s ]
[ sql ] [ SQL ] SELECT * FROM `dp_cms_customer` WHERE  `online` = 1 ORDER BY `sort` ASC [ RunTime:0.000156s ]
[ sql ] [ SQL ] SHOW COLUMNS FROM `dp_cms_slider` [ RunTime:0.000532s ]
[ sql ] [ SQL ] SELECT * FROM `dp_cms_slider` ORDER BY `sort` ASC [ RunTime:0.000136s ]
[ sql ] [ SQL ] SHOW COLUMNS FROM `dp_admin_attachment` [ RunTime:0.000556s ]
[ sql ] [ SQL ] SELECT `path`,`driver`,`thumb` FROM `dp_admin_attachment` WHERE  `id` = 3 LIMIT 1 [ RunTime:0.000128s ]
[ sql ] [ SQL ] SELECT `path`,`driver`,`thumb` FROM `dp_admin_attachment` WHERE  `id` = 16 LIMIT 1 [ RunTime:0.000120s ]
[ sql ] [ SQL ] SELECT `path`,`driver`,`thumb` FROM `dp_admin_attachment` WHERE  `id` = 10 LIMIT 1 [ RunTime:0.000158s ]
[ sql ] [ SQL ] SELECT `path`,`driver`,`thumb` FROM `dp_admin_attachment` WHERE  `id` = 25 LIMIT 1 [ RunTime:0.000126s ]
[ sql ] [ SQL ] SELECT `path`,`driver`,`thumb` FROM `dp_admin_attachment` WHERE  `id` = 29 LIMIT 1 [ RunTime:0.000113s ]
[ sql ] [ SQL ] SELECT `path`,`driver`,`thumb` FROM `dp_admin_attachment` WHERE  `id` = 27 LIMIT 1 [ RunTime:0.000111s ]
[ sql ] [ SQL ] SELECT `path`,`driver`,`thumb` FROM `dp_admin_attachment` WHERE  `id` = 21 LIMIT 1 [ RunTime:0.000132s ]
[ sql ] [ SQL ] SELECT `path`,`driver`,`thumb` FROM `dp_admin_attachment` WHERE  `id` = 26 LIMIT 1 [ RunTime:0.000161s ]
[ sql ] [ SQL ] SELECT `path`,`driver`,`thumb` FROM `dp_admin_attachment` WHERE  `id` = 28 LIMIT 1 [ RunTime:0.000123s ]
[ sql ] [ SQL ] SELECT `path`,`driver`,`thumb` FROM `dp_admin_attachment` WHERE  `id` = 30 LIMIT 1 [ RunTime:0.000111s ]
[ sql ] [ SQL ] SELECT `path`,`driver`,`thumb` FROM `dp_admin_attachment` WHERE  `id` = 24 LIMIT 1 [ RunTime:0.000131s ]
[ sql ] [ SQL ] SELECT `path`,`driver`,`thumb` FROM `dp_admin_attachment` WHERE  `id` = 13 LIMIT 1 [ RunTime:0.000158s ]
[ sql ] [ SQL ] SELECT `path`,`driver`,`thumb` FROM `dp_admin_attachment` WHERE  `id` = 14 LIMIT 1 [ RunTime:0.000146s ]
[ sql ] [ SQL ] SELECT `path`,`driver`,`thumb` FROM `dp_admin_attachment` WHERE  `id` = 11 LIMIT 1 [ RunTime:0.000115s ]
---------------------------------------------------------------
[ 2018-09-27T23:50:01+08:00 ] 112.97.251.71 POST /index.php/index/index/click
[ info ] d.123as.cn/index.php/index/index/click [运行时间：0.057850s][吞吐率：17.29req/s] [内存消耗：607.61kb] [文件加载：69]
[ info ] [ LANG ] /www/wwwroot/d.123as.cn/thinkphp/lang/zh-cn.php
[ info ] [ ROUTE ] array (
  'type' => 'module',
  'module' => 
  array (
    0 => 'index',
    1 => 'index',
    2 => 'click',
  ),
)
[ info ] [ HEADER ] array (
  'cookie' => 'PHPSESSID=egblj78mlga1ckaatstas7nctg',
  'accept-language' => 'zh-CN,zh-CN;q=0.8,en-US;q=0.6',
  'accept-encoding' => 'gzip, deflate',
  'referer' => 'http://d.123as.cn/',
  'content-type' => 'application/x-www-form-urlencoded',
  'user-agent' => 'Mozilla/5.0 (Linux; Android 8.0; LLD-AL10 Build/HONORLLD-AL10; wv) AppleWebKit/537.36 (KHTML, like Gecko) Version/4.0 Chrome/57.0.2987.132 MQQBrowser/6.2 TBS/044208 Mobile Safari/537.36 MicroMessenger/6.7.2.1340(0x26070233) NetType/4G Language/zh_CN',
  'x-requested-with' => 'XMLHttpRequest',
  'origin' => 'http://d.123as.cn',
  'accept' => '*/*',
  'content-length' => '5',
  'connection' => 'keep-alive',
  'host' => 'd.123as.cn',
)
[ info ] [ PARAM ] array (
  'cid' => '9',
)
[ info ] [ CACHE ] INIT File
[ info ] [ DB ] INIT mysql
[ info ] [ BEHAVIOR ] Run app\common\behavior\Config @app_begin [ RunTime:0.002647s ]
[ info ] [ BEHAVIOR ] Run app\common\behavior\Hook @app_begin [ RunTime:0.002421s ]
[ info ] [ RUN ] app\index\controller\Index->click[ /www/wwwroot/d.123as.cn/application/index/controller/Index.php ]
[ info ] [ SESSION ] INIT array (
  'id' => '',
  'var_session_id' => '',
  'prefix' => 'dolphin_admin_',
  'type' => '',
  'auto_start' => true,
)
[ info ] [ LOG ] INIT File
[ sql ] [ DB ] CONNECT:[ UseTime:0.000345s ] mysql:host=127.0.0.1;port=3306;dbname=d_123as_cn;charset=utf8
[ sql ] [ SQL ] SHOW COLUMNS FROM `dp_admin_config` [ RunTime:0.000707s ]
[ sql ] [ SQL ] SELECT `name`,`value`,`type` FROM `dp_admin_config` [ RunTime:0.000156s ]
[ sql ] [ SQL ] SHOW COLUMNS FROM `dp_admin_module` [ RunTime:0.000512s ]
[ sql ] [ SQL ] SELECT `name`,`config` FROM `dp_admin_module` WHERE  `config` <> '' [ RunTime:0.000137s ]
[ sql ] [ SQL ] SHOW COLUMNS FROM `dp_admin_hook` [ RunTime:0.000462s ]
[ sql ] [ SQL ] SELECT `name`,`status` FROM `dp_admin_hook` WHERE  `status` = 1 [ RunTime:0.000136s ]
[ sql ] [ SQL ] SHOW COLUMNS FROM `dp_admin_plugin` [ RunTime:0.000473s ]
[ sql ] [ SQL ] SELECT `name`,`status` FROM `dp_admin_plugin` WHERE  `status` = 1 [ RunTime:0.000129s ]
[ sql ] [ SQL ] SHOW COLUMNS FROM `dp_admin_hook_plugin` [ RunTime:0.000411s ]
[ sql ] [ SQL ] SELECT * FROM `dp_admin_hook_plugin` WHERE  `status` = 1 ORDER BY `hook`,`sort` [ RunTime:0.000168s ]
[ sql ] [ SQL ] SHOW COLUMNS FROM `dp_cms_customer` [ RunTime:0.000485s ]
[ sql ] [ SQL ] SELECT * FROM `dp_cms_customer` WHERE  `id` = 9 LIMIT 1 [ RunTime:0.000163s ]
[ sql ] [ SQL ] SHOW COLUMNS FROM `dp_apply` [ RunTime:0.000452s ]
[ sql ] [ SQL ] INSERT INTO `dp_apply` (`member_id` , `customer_id` , `agent_id` , `ip` , `telephone` , `create_time` , `update_time`) VALUES (1054 , 9 , 15 , '112.97.251.71' , '13059518635' , 1538063401 , 1538063401) [ RunTime:0.025165s ]
[ sql ] [ SQL ] SHOW COLUMNS FROM `dp_cms_agent` [ RunTime:0.000827s ]
[ sql ] [ SQL ] UPDATE `dp_cms_agent`  SET `browse`=`browse`+1  WHERE  `id` = 15 [ RunTime:0.023023s ]
---------------------------------------------------------------
[ 2018-09-27T23:55:43+08:00 ] 112.97.219.71 GET /index.php/index/index/login
[ info ] d.123as.cn/index.php/index/index/login [运行时间：0.007511s][吞吐率：133.14req/s] [内存消耗：486.05kb] [文件加载：63]
[ info ] [ LANG ] /www/wwwroot/d.123as.cn/thinkphp/lang/zh-cn.php
[ info ] [ ROUTE ] array (
  'type' => 'module',
  'module' => 
  array (
    0 => 'index',
    1 => 'index',
    2 => 'login',
  ),
)
[ info ] [ HEADER ] array (
  'x-forwarded-for-pound' => '112.97.219.71',
  'x-forwarded-for' => '112.97.219.71',
  'user-agent' => 'Mozilla/5.0 (Linux; Android 8.0; LLD-AL10 Build/HONORLLD-AL10; wv) AppleWebKit/537.36 (KHTML, like Gecko) Version/4.0 Chrome/57.0.2987.132 MQQBrowser/6.2 TBS/044208 Mobile Safari/537.36 MicroMessenger/6.7.2.1340(0x26070233) NetType/4G Language/zh_CN',
  'referer' => 'http://d.123as.cn/index.php/index/index/login',
  'host' => 'd.123as.cn',
  'cookie' => 'PHPSESSID=egblj78mlga1ckaatstas7nctg',
  'connection' => 'close',
  'accept-language' => 'zh-CN,zh-CN;q=0.8,en-US;q=0.6',
  'accept-encoding' => 'gzip',
  'accept' => 'text/html,application/xhtml+xml,application/xml;q=0.9,image/webp,image/apng,image/wxpic,image/sharpp,image/apng,*/*;q=0.8',
  'content-type' => '',
  'content-length' => '',
)
[ info ] [ PARAM ] array (
)
[ info ] [ CACHE ] INIT File
[ info ] [ DB ] INIT mysql
[ info ] [ BEHAVIOR ] Run app\common\behavior\Config @app_begin [ RunTime:0.002922s ]
[ info ] [ BEHAVIOR ] Run app\common\behavior\Hook @app_begin [ RunTime:0.002747s ]
[ info ] [ RUN ] app\index\controller\Index->login[ /www/wwwroot/d.123as.cn/application/index/controller/Index.php ]
[ info ] [ VIEW ] /www/wwwroot/d.123as.cn/public/../application/index/view/index/login.html [ array (
) ]
[ info ] [ LOG ] INIT File
[ sql ] [ DB ] CONNECT:[ UseTime:0.000304s ] mysql:host=127.0.0.1;port=3306;dbname=d_123as_cn;charset=utf8
[ sql ] [ SQL ] SHOW COLUMNS FROM `dp_admin_config` [ RunTime:0.000742s ]
[ sql ] [ SQL ] SELECT `name`,`value`,`type` FROM `dp_admin_config` [ RunTime:0.000153s ]
[ sql ] [ SQL ] SHOW COLUMNS FROM `dp_admin_module` [ RunTime:0.000648s ]
[ sql ] [ SQL ] SELECT `name`,`config` FROM `dp_admin_module` WHERE  `config` <> '' [ RunTime:0.000163s ]
[ sql ] [ SQL ] SHOW COLUMNS FROM `dp_admin_hook` [ RunTime:0.000522s ]
[ sql ] [ SQL ] SELECT `name`,`status` FROM `dp_admin_hook` WHERE  `status` = 1 [ RunTime:0.000167s ]
[ sql ] [ SQL ] SHOW COLUMNS FROM `dp_admin_plugin` [ RunTime:0.000490s ]
[ sql ] [ SQL ] SELECT `name`,`status` FROM `dp_admin_plugin` WHERE  `status` = 1 [ RunTime:0.000188s ]
[ sql ] [ SQL ] SHOW COLUMNS FROM `dp_admin_hook_plugin` [ RunTime:0.000475s ]
[ sql ] [ SQL ] SELECT * FROM `dp_admin_hook_plugin` WHERE  `status` = 1 ORDER BY `hook`,`sort` [ RunTime:0.000148s ]
---------------------------------------------------------------
[ 2018-09-27T23:55:45+08:00 ] 112.97.219.71 GET /?aid=15
[ info ] d.123as.cn/?aid=15 [运行时间：0.012496s][吞吐率：80.03req/s] [内存消耗：678.62kb] [文件加载：68]
[ info ] [ LANG ] /www/wwwroot/d.123as.cn/thinkphp/lang/zh-cn.php
[ info ] [ ROUTE ] array (
  'type' => 'module',
  'module' => 
  array (
    0 => '',
    1 => NULL,
    2 => NULL,
  ),
)
[ info ] [ HEADER ] array (
  'x-forwarded-for-pound' => '112.97.219.71',
  'x-forwarded-for' => '112.97.219.71',
  'user-agent' => 'Mozilla/5.0 (Linux; Android 8.0; LLD-AL10 Build/HONORLLD-AL10; wv) AppleWebKit/537.36 (KHTML, like Gecko) Version/4.0 Chrome/57.0.2987.132 MQQBrowser/6.2 TBS/044208 Mobile Safari/537.36 MicroMessenger/6.7.2.1340(0x26070233) NetType/4G Language/zh_CN',
  'host' => 'd.123as.cn',
  'cookie' => 'PHPSESSID=egblj78mlga1ckaatstas7nctg',
  'connection' => 'close',
  'accept-language' => 'zh-CN,zh-CN;q=0.8,en-US;q=0.6',
  'accept-encoding' => 'gzip',
  'accept' => 'text/html,application/xhtml+xml,application/xml;q=0.9,image/webp,image/apng,image/wxpic,image/sharpp,image/apng,*/*;q=0.8',
  'content-type' => '',
  'content-length' => '',
)
[ info ] [ PARAM ] array (
  'aid' => '15',
)
[ info ] [ CACHE ] INIT File
[ info ] [ DB ] INIT mysql
[ info ] [ BEHAVIOR ] Run app\common\behavior\Config @app_begin [ RunTime:0.002665s ]
[ info ] [ BEHAVIOR ] Run app\common\behavior\Hook @app_begin [ RunTime:0.002442s ]
[ info ] [ RUN ] app\index\controller\Index->index[ /www/wwwroot/d.123as.cn/application/index/controller/Index.php ]
[ info ] [ SESSION ] INIT array (
  'id' => '',
  'var_session_id' => '',
  'prefix' => 'dolphin_admin_',
  'type' => '',
  'auto_start' => true,
)
[ info ] [ VIEW ] /www/wwwroot/d.123as.cn/public/../application/index/view/index/index.html [ array (
  0 => 'list',
  1 => 'slide',
) ]
[ info ] [ LOG ] INIT File
[ sql ] [ DB ] CONNECT:[ UseTime:0.000363s ] mysql:host=127.0.0.1;port=3306;dbname=d_123as_cn;charset=utf8
[ sql ] [ SQL ] SHOW COLUMNS FROM `dp_admin_config` [ RunTime:0.000692s ]
[ sql ] [ SQL ] SELECT `name`,`value`,`type` FROM `dp_admin_config` [ RunTime:0.000165s ]
[ sql ] [ SQL ] SHOW COLUMNS FROM `dp_admin_module` [ RunTime:0.000481s ]
[ sql ] [ SQL ] SELECT `name`,`config` FROM `dp_admin_module` WHERE  `config` <> '' [ RunTime:0.000155s ]
[ sql ] [ SQL ] SHOW COLUMNS FROM `dp_admin_hook` [ RunTime:0.000439s ]
[ sql ] [ SQL ] SELECT `name`,`status` FROM `dp_admin_hook` WHERE  `status` = 1 [ RunTime:0.000125s ]
[ sql ] [ SQL ] SHOW COLUMNS FROM `dp_admin_plugin` [ RunTime:0.000526s ]
[ sql ] [ SQL ] SELECT `name`,`status` FROM `dp_admin_plugin` WHERE  `status` = 1 [ RunTime:0.000125s ]
[ sql ] [ SQL ] SHOW COLUMNS FROM `dp_admin_hook_plugin` [ RunTime:0.000435s ]
[ sql ] [ SQL ] SELECT * FROM `dp_admin_hook_plugin` WHERE  `status` = 1 ORDER BY `hook`,`sort` [ RunTime:0.000136s ]
[ sql ] [ SQL ] SHOW COLUMNS FROM `dp_cms_customer` [ RunTime:0.000502s ]
[ sql ] [ SQL ] SELECT * FROM `dp_cms_customer` WHERE  `online` = 1 ORDER BY `sort` ASC [ RunTime:0.000156s ]
[ sql ] [ SQL ] SHOW COLUMNS FROM `dp_cms_slider` [ RunTime:0.000436s ]
[ sql ] [ SQL ] SELECT * FROM `dp_cms_slider` ORDER BY `sort` ASC [ RunTime:0.000117s ]
[ sql ] [ SQL ] SHOW COLUMNS FROM `dp_admin_attachment` [ RunTime:0.000501s ]
[ sql ] [ SQL ] SELECT `path`,`driver`,`thumb` FROM `dp_admin_attachment` WHERE  `id` = 3 LIMIT 1 [ RunTime:0.000127s ]
[ sql ] [ SQL ] SELECT `path`,`driver`,`thumb` FROM `dp_admin_attachment` WHERE  `id` = 16 LIMIT 1 [ RunTime:0.000119s ]
[ sql ] [ SQL ] SELECT `path`,`driver`,`thumb` FROM `dp_admin_attachment` WHERE  `id` = 10 LIMIT 1 [ RunTime:0.000119s ]
[ sql ] [ SQL ] SELECT `path`,`driver`,`thumb` FROM `dp_admin_attachment` WHERE  `id` = 25 LIMIT 1 [ RunTime:0.000114s ]
[ sql ] [ SQL ] SELECT `path`,`driver`,`thumb` FROM `dp_admin_attachment` WHERE  `id` = 29 LIMIT 1 [ RunTime:0.000110s ]
[ sql ] [ SQL ] SELECT `path`,`driver`,`thumb` FROM `dp_admin_attachment` WHERE  `id` = 27 LIMIT 1 [ RunTime:0.000108s ]
[ sql ] [ SQL ] SELECT `path`,`driver`,`thumb` FROM `dp_admin_attachment` WHERE  `id` = 21 LIMIT 1 [ RunTime:0.000129s ]
[ sql ] [ SQL ] SELECT `path`,`driver`,`thumb` FROM `dp_admin_attachment` WHERE  `id` = 26 LIMIT 1 [ RunTime:0.000126s ]
[ sql ] [ SQL ] SELECT `path`,`driver`,`thumb` FROM `dp_admin_attachment` WHERE  `id` = 28 LIMIT 1 [ RunTime:0.000110s ]
[ sql ] [ SQL ] SELECT `path`,`driver`,`thumb` FROM `dp_admin_attachment` WHERE  `id` = 30 LIMIT 1 [ RunTime:0.000107s ]
[ sql ] [ SQL ] SELECT `path`,`driver`,`thumb` FROM `dp_admin_attachment` WHERE  `id` = 24 LIMIT 1 [ RunTime:0.000109s ]
[ sql ] [ SQL ] SELECT `path`,`driver`,`thumb` FROM `dp_admin_attachment` WHERE  `id` = 13 LIMIT 1 [ RunTime:0.000137s ]
[ sql ] [ SQL ] SELECT `path`,`driver`,`thumb` FROM `dp_admin_attachment` WHERE  `id` = 14 LIMIT 1 [ RunTime:0.000137s ]
[ sql ] [ SQL ] SELECT `path`,`driver`,`thumb` FROM `dp_admin_attachment` WHERE  `id` = 11 LIMIT 1 [ RunTime:0.000117s ]
